make all --print-data-base --no-builtin-variables --no-builtin-rules --question
make: *** No rule to make target 'all'.  Stop.

# GNU Make 4.3
# Built for x86_64-pc-linux-gnu
# Copyright (C) 1988-2020 Free Software Foundation, Inc.
# License GPLv3+: GNU GPL version 3 or later <http://gnu.org/licenses/gpl.html>
# This is free software: you are free to change and redistribute it.
# There is NO WARRANTY, to the extent permitted by law.

# Make data base, printed on Fri Nov 11 08:47:42 2022

# Variables

# environment
GDK_BACKEND = x11
# environment
LC_ALL = C
# environment
GNOME_SHELL_SESSION_MODE = ubuntu
# environment
SSH_AGENT_LAUNCHER = gnome-keyring
# environment
SNAP_INSTANCE_KEY = 
# environment
LC_NAME = ar_EG.UTF-8
# environment
LC_NUMERIC = ar_EG.UTF-8
# environment
VSCODE_CWD = /home/mohamed
# environment
LC_ADDRESS = ar_EG.UTF-8
# environment
LIBVIRT_DEFAULT_URI = qemu:///system
# default
MAKE_COMMAND := make
# environment
QT_ACCESSIBILITY = 1
# automatic
@D = $(patsubst %/,%,$(dir $@))
# environment
SNAP_INSTANCE_NAME = code
# environment
GDK_PIXBUF_MODULEDIR = /snap/code/112/usr/lib/x86_64-linux-gnu/gdk-pixbuf-2.0/2.10.0/loaders
# environment
VSCODE_HANDLES_UNCAUGHT_ERRORS = true
# default
.VARIABLES := 
# environment
PWD = /home/mohamed/Desktop/mos
# automatic
%D = $(patsubst %/,%,$(dir $%))
# environment
XDG_DATA_DIRS = /usr/share/ubuntu:/home/mohamed/.local/share/flatpak/exports/share:/var/lib/flatpak/exports/share:/usr/local/share/:/usr/share/:/var/lib/snapd/desktop
# automatic
^D = $(patsubst %/,%,$(dir $^))
# automatic
%F = $(notdir $%)
# environment
VSCODE_CODE_CACHE_PATH = /home/mohamed/.config/Code/CachedData/8fa188b2b301d36553cbc9ce1b0a146ccb93351f
# environment
LANG = C
# environment
XAUTHORITY = /run/user/1000/.mutter-Xwaylandauth.PDMCV1
# default
.LOADED := 
# default
.INCLUDE_DIRS = /usr/local/include /usr/include /usr/include
# makefile
MAKEFLAGS = pqrR
# environment
DBUS_STARTER_ADDRESS = unix:path=/run/user/1000/bus,guid=8225d2cbfddf5734fe08a138636def7b
# makefile
CURDIR := /home/mohamed/Desktop/mos
# environment
APPLICATION_INSIGHTS_NO_DIAGNOSTIC_CHANNEL = 1
# environment
LESSOPEN = | /usr/bin/lesspipe %s
# automatic
*D = $(patsubst %/,%,$(dir $*))
# environment
MFLAGS = -pqrR
# environment
SSH_AUTH_SOCK = /run/user/1000/keyring/ssh
# default
.SHELLFLAGS := -c
# environment
WAYLAND_DISPLAY = wayland-0
# environment
XDG_CONFIG_DIRS = /etc/xdg/xdg-ubuntu:/etc/xdg
# automatic
+D = $(patsubst %/,%,$(dir $+))
# environment
XDG_SESSION_DESKTOP = ubuntu
# makefile (from 'Makefile', line 1)
MAKEFILE_LIST := Makefile
# makefile (from 'Makefile', line 3)
ASFLAGS = --32
# environment
SNAP_REEXEC = 
# automatic
@F = $(notdir $@)
# environment
PT8HOME = /opt/pt
# environment
VSCODE_PID = 5499
# environment
XDG_SESSION_TYPE = wayland
# automatic
?D = $(patsubst %/,%,$(dir $?))
# environment
BAMF_DESKTOP_FILE_HINT = /var/lib/snapd/desktop/applications/code_code.desktop
# environment
SESSION_MANAGER = local/mohamedmossad:@/tmp/.ICE-unix/3073,unix/mohamedmossad:/tmp/.ICE-unix/3073
# automatic
*F = $(notdir $*)
# environment
CHROME_DESKTOP = code-url-handler.desktop
# environment
DBUS_SESSION_BUS_ADDRESS = unix:path=/run/user/1000/bus,guid=8225d2cbfddf5734fe08a138636def7b
# automatic
<D = $(patsubst %/,%,$(dir $<))
# environment
VSCODE_NLS_CONFIG = {"locale":"en-us","availableLanguages":{},"_languagePackSupport":true}
# default
MAKE_HOST := x86_64-pc-linux-gnu
# environment
GNOME_DESKTOP_SESSION_ID = this-is-deprecated
# makefile
SHELL = /bin/sh
# default
MAKECMDGOALS := all
# environment
PLATFORMIO_CALLER = vscode
# environment
XMODIFIERS = @im=ibus
# environment
SHLVL = 0
# environment
MAKELEVEL := 0
# environment
IM_CONFIG_CHECK_ENV = 1
# default
MAKE = $(MAKE_COMMAND)
# environment
SNAP_COOKIE = 8gUeK36hsoS6nNd9RXshTpKcU3PDhUDZPRSRvbAK7pD-HSXU2tMM
# environment
PATH = /usr/local/sbin:/usr/local/bin:/usr/sbin:/usr/bin:/sbin:/bin:/usr/games:/usr/local/games:/snap/bin:/snap/bin
# default
MAKEFILES := 
# environment
LANGUAGE = en
# environment
LC_MONETARY = ar_EG.UTF-8
# automatic
^F = $(notdir $^)
# environment
SNAP_USER_COMMON = /home/mohamed/snap/code/common
# environment
LC_TIME = ar_EG.UTF-8
# environment
SNAP = /snap/code/112
# environment
INVOCATION_ID = 6197db77a21745a8911111a38720d8fc
# environment
SNAP_REVISION = 112
# environment
SNAP_REAL_HOME = /home/mohamed
# environment
USERNAME = mohamed
# environment
GNOME_SETUP_DISPLAY = :1
# environment
LC_TELEPHONE = ar_EG.UTF-8
# environment
LESSCLOSE = /usr/bin/lesspipe %s %s
# automatic
?F = $(notdir $?)
# environment
NO_PROXY = 127.0.0.1
# environment
XDG_CURRENT_DESKTOP = Unity
# environment
LS_COLORS = 
# automatic
+F = $(notdir $+)
# environment
DESKTOP_SESSION = ubuntu
# environment
ORIGINAL_XDG_CURRENT_DESKTOP = ubuntu:GNOME
# makefile (from 'Makefile', line 4)
OBJECTS = obj/loader.o obj/gdt.o obj/drivers/driver.o obj/drivers/driverManager.o obj/common/helper.o obj/hardware/port.o obj/hardware/interruptstubs.o obj/hardware/pci.o obj/hardware/PCIDeviceDescriptor.o obj/hardware/interrupts.o obj/hardware/BAR.o obj/drivers/Keyboard.o obj/drivers/keyboardEventHandler.o obj/drivers/Mouse.o obj/drivers/mouseEventHandler.o obj/drivers/vga.o obj/drivers/AMDNetCard.o obj/drivers/ATA.o obj/gui/widget.o obj/gui/CompositeWidget.o obj/gui/window.o obj/gui/desktop.o obj/multitasking.o obj/syscall.o obj/MemoryManager.o obj/MemoryChunk.o obj/net/DLLayer/etherframe.o obj/net/NetLayer/arp.o obj/net/NetLayer/ip4.o obj/net/NetLayer/icmp.o obj/net/TPLayer/udp.o obj/net/TPLayer/tcp.o obj/kernel.o
# 'override' directive
GNUMAKEFLAGS := 
# environment
LOGNAME = mohamed
# environment
GIO_LAUNCHED_DESKTOP_FILE = /var/lib/snapd/desktop/applications/code_code.desktop
# environment
PLATFORMIO_PATH = /home/mohamed/.platformio/python3/bin:/usr/local/sbin:/usr/local/bin:/usr/sbin:/usr/bin:/sbin:/bin:/usr/games:/usr/local/games:/snap/bin:/snap/bin
# environment
SNAP_ARCH = amd64
# makefile
.DEFAULT_GOAL := kernel.bin
# environment
SYSTEMD_EXEC_PID = 3073
# environment
DISPLAY = :0
# environment
USER = mohamed
# environment
GTK_MODULES = gail:atk-bridge
# default
MAKE_VERSION := 4.3
# environment
SNAP_DATA = /var/snap/code/112
# environment
SNAP_CONTEXT = 8gUeK36hsoS6nNd9RXshTpKcU3PDhUDZPRSRvbAK7pD-HSXU2tMM
# makefile (from 'Makefile', line 37)
LDFLAGS = -Map map.map -melf_i386
# environment
MANAGERPID = 2969
# environment
DBUS_STARTER_BUS_TYPE = session
# environment
LC_MEASUREMENT = ar_EG.UTF-8
# environment
GIO_LAUNCHED_DESKTOP_FILE_PID = 5459
# environment
_ = /snap/code/112/usr/share/code/code
# environment
LC_PAPER = ar_EG.UTF-8
# environment
XDG_RUNTIME_DIR = /run/user/1000
# environment
GDK_PIXBUF_MODULE_FILE = /home/mohamed/snap/code/common/.cache/gdk-pixbuf-loaders.cache
# environment
JOURNAL_STREAM = 8:39829
# environment
XDG_SESSION_CLASS = user
# environment
VSCODE_AMD_ENTRYPOINT = vs/workbench/api/node/extensionHostProcess
# environment
PLATFORMIO_IDE = 2.5.5
# environment
HOME = /home/mohamed
# environment
QT_IM_MODULE = ibus
# environment
ELECTRON_RUN_AS_NODE = 1
# environment
VSCODE_IPC_HOOK = /run/user/1000/vscode-c7200296-1.73.0-main.sock
# environment
SNAP_NAME = code
# environment
GSETTINGS_SCHEMA_DIR = /snap/code/112/usr/share/glib-2.0/schemas
# environment
IM_CONFIG_PHASE = 1
# environment
PAPERSIZE = a4
# default
.RECIPEPREFIX := 
# automatic
<F = $(notdir $<)
# environment
SNAP_VERSION = 8fa188b2
# default
SUFFIXES := 
# environment
VSCODE_CLI = 1
# environment
ELECTRON_NO_ATTACH_CONSOLE = 1
# environment
SNAP_COMMON = /var/snap/code/common
# default
.FEATURES := target-specific order-only second-expansion else-if shortest-stem undefine oneshell nocomment grouped-target extra-prereqs archives jobserver output-sync check-symlink load
# makefile (from 'Makefile', line 1)
CC = g++
# environment
SNAP_USER_DATA = /home/mohamed/snap/code/112
# environment
XDG_MENU_PREFIX = gnome-
# makefile (from 'Makefile', line 2)
CXXFALGS = -m32 -Iinclude -fno-use-cxa-atexit -nostdlib -fno-builtin -fno-rtti -fno-exceptions -fno-leading-underscore  -c
# environment
GDMSESSION = ubuntu
# environment
LC_IDENTIFICATION = ar_EG.UTF-8
# environment
SNAP_LIBRARY_PATH = /var/lib/snapd/lib/gl:/var/lib/snapd/lib/gl32:/var/lib/snapd/void
# variable set hash-table stats:
# Load=138/1024=13%, Rehash=0, Collisions=7/169=4%

# Pattern-specific Variable Values

# No pattern-specific variable values.

# Directories

# src (device 2053, inode 7084381): No files, no impossibilities so far.
 
# . (device 2053, inode 4194742): 14 files, no impossibilities.

# 14 files, no impossibilities in 2 directories.

# Implicit Rules

obj/%.o: src/%.cpp
#  recipe to execute (from 'Makefile', line 41):
	mkdir -p $(@D)
	$(CC) $(CXXFALGS) -o $@ $^

obj/%.o: src/%.s
#  recipe to execute (from 'Makefile', line 44):
	mkdir -p $(@D)
	as $(ASFLAGS)	-o $@ $^

# 2 implicit rules, 0 (0.0%) terminal.
# Files

# Not a target:
obj/drivers/AMDNetCard.o:
#  Implicit rule search has not been done.
#  Modification time never checked.
#  File has not been updated.

# Not a target:
obj/hardware/interruptstubs.o:
#  Implicit rule search has not been done.
#  Modification time never checked.
#  File has not been updated.

# Not a target:
obj/drivers/Mouse.o:
#  Implicit rule search has not been done.
#  Modification time never checked.
#  File has not been updated.

# Not a target:
obj/drivers/driver.o:
#  Implicit rule search has not been done.
#  Modification time never checked.
#  File has not been updated.

# Not a target:
obj/drivers/Keyboard.o:
#  Implicit rule search has not been done.
#  Modification time never checked.
#  File has not been updated.

# Not a target:
obj/gui/window.o:
#  Implicit rule search has not been done.
#  Modification time never checked.
#  File has not been updated.

# Not a target:
obj/hardware/pci.o:
#  Implicit rule search has not been done.
#  Modification time never checked.
#  File has not been updated.

# Not a target:
obj/drivers/keyboardEventHandler.o:
#  Implicit rule search has not been done.
#  Modification time never checked.
#  File has not been updated.

# Not a target:
obj/drivers/vga.o:
#  Implicit rule search has not been done.
#  Modification time never checked.
#  File has not been updated.

# Not a target:
obj/MemoryChunk.o:
#  Implicit rule search has not been done.
#  Modification time never checked.
#  File has not been updated.

# Not a target:
obj/net/TPLayer/tcp.o:
#  Implicit rule search has not been done.
#  Modification time never checked.
#  File has not been updated.

kernel.iso: kernel.bin
#  Implicit rule search has not been done.
#  Modification time never checked.
#  File has not been updated.
#  recipe to execute (from 'Makefile', line 49):
	mkdir iso
	mkdir iso/boot	
	mkdir iso/boot/grub
	cp $< iso/boot/
	echo 'set tiemout=0' > iso/boot/grub/grub.cfg
	echo 'set default=0' >> iso/boot/grub/grub.cfg
	echo '' >> iso/boot/grub/grub.cfg
	echo 'menuentry "My OS" {' >> iso/boot/grub/grub.cfg
	echo ' multiboot /boot/kernel.bin' >> iso/boot/grub/grub.cfg
	echo 'boot' >> iso/boot/grub/grub.cfg
	echo '}' >> iso/boot/grub/grub.cfg
	grub-mkrescue --output=$@ iso

# Not a target:
obj/syscall.o:
#  Implicit rule search has not been done.
#  Modification time never checked.
#  File has not been updated.

# Not a target:
Makefile:
#  Implicit rule search has been done.
#  Last modified 2022-11-04 09:23:55.58965735
#  File has been updated.
#  Successfully updated.

# Not a target:
obj/hardware/port.o:
#  Implicit rule search has not been done.
#  Modification time never checked.
#  File has not been updated.

# Not a target:
obj/common/helper.o:
#  Implicit rule search has not been done.
#  Modification time never checked.
#  File has not been updated.

# Not a target:
obj/hardware/BAR.o:
#  Implicit rule search has not been done.
#  Modification time never checked.
#  File has not been updated.

clean:
#  Implicit rule search has not been done.
#  Modification time never checked.
#  File has not been updated.
#  recipe to execute (from 'Makefile', line 64):
	rm -rf obj kernel.iso *.o iso *.bin

# Not a target:
obj/net/NetLayer/icmp.o:
#  Implicit rule search has not been done.
#  Modification time never checked.
#  File has not been updated.

# Not a target:
obj/hardware/interrupts.o:
#  Implicit rule search has not been done.
#  Modification time never checked.
#  File has not been updated.

# Not a target:
obj/drivers/mouseEventHandler.o:
#  Implicit rule search has not been done.
#  Modification time never checked.
#  File has not been updated.

# Not a target:
obj/net/NetLayer/arp.o:
#  Implicit rule search has not been done.
#  Modification time never checked.
#  File has not been updated.

# Not a target:
obj/gdt.o:
#  Implicit rule search has not been done.
#  Modification time never checked.
#  File has not been updated.

# Not a target:
obj/drivers/ATA.o:
#  Implicit rule search has not been done.
#  Modification time never checked.
#  File has not been updated.

# Not a target:
obj/gui/desktop.o:
#  Implicit rule search has not been done.
#  Modification time never checked.
#  File has not been updated.

# Not a target:
.DEFAULT:
#  Implicit rule search has not been done.
#  Modification time never checked.
#  File has not been updated.

# Not a target:
all:
#  Command line target.
#  Implicit rule search has been done.
#  File does not exist.
#  File has not been updated.

run: kernel.iso
#  Implicit rule search has not been done.
#  Modification time never checked.
#  File has not been updated.
#  recipe to execute (from 'Makefile', line 62):
	virtualboxvm --startvm "mos" 

# Not a target:
linker.ld:
#  Implicit rule search has not been done.
#  Modification time never checked.
#  File has not been updated.

# Not a target:
obj/multitasking.o:
#  Implicit rule search has not been done.
#  Modification time never checked.
#  File has not been updated.

# Not a target:
obj/gui/widget.o:
#  Implicit rule search has not been done.
#  Modification time never checked.
#  File has not been updated.

# Not a target:
obj/net/DLLayer/etherframe.o:
#  Implicit rule search has not been done.
#  Modification time never checked.
 
#  File has not been updated.

kernel.bin: linker.ld obj/loader.o obj/gdt.o obj/drivers/driver.o obj/drivers/driverManager.o obj/common/helper.o obj/hardware/port.o obj/hardware/interruptstubs.o obj/hardware/pci.o obj/hardware/PCIDeviceDescriptor.o obj/hardware/interrupts.o obj/hardware/BAR.o obj/drivers/Keyboard.o obj/drivers/keyboardEventHandler.o obj/drivers/Mouse.o obj/drivers/mouseEventHandler.o obj/drivers/vga.o obj/drivers/AMDNetCard.o obj/drivers/ATA.o obj/gui/widget.o obj/gui/CompositeWidget.o obj/gui/window.o obj/gui/desktop.o obj/multitasking.o obj/syscall.o obj/MemoryManager.o obj/MemoryChunk.o obj/net/DLLayer/etherframe.o obj/net/NetLayer/arp.o obj/net/NetLayer/ip4.o obj/net/NetLayer/icmp.o obj/net/TPLayer/udp.o obj/net/TPLayer/tcp.o obj/kernel.o
#  Implicit rule search has not been done.
#  Modification time never checked.
#  File has not been updated.
#  recipe to execute (from 'Makefile', line 47):
	ld  $(LDFLAGS)	-T $< -o $@ $(OBJECTS)

# Not a target:
obj/MemoryManager.o:
#  Implicit rule search has not been done.
#  Modification time never checked.
#  File has not been updated.

# Not a target:
obj/net/NetLayer/ip4.o:
#  Implicit rule search has not been done.
#  Modification time never checked.
#  File has not been updated.

# Not a target:
obj/drivers/driverManager.o:
#  Implicit rule search has not been done.
#  Modification time never checked.
#  File has not been updated.

# Not a target:
obj/hardware/PCIDeviceDescriptor.o:
#  Implicit rule search has not been done.
#  Modification time never checked.
#  File has not been updated.

# Not a target:
obj/gui/CompositeWidget.o:
#  Implicit rule search has not been done.
#  Modification time never checked.
#  File has not been updated.

# Not a target:
obj/net/TPLayer/udp.o:
#  Implicit rule search has not been done.
#  Modification time never checked.
#  File has not been updated.

# Not a target:
obj/loader.o:
#  Implicit rule search has not been done.
#  Modification time never checked.
#  File has not been updated.

# Not a target:
obj/kernel.o:
#  Implicit rule search has not been done.
#  Modification time never checked.
#  File has not been updated.

# files hash-table stats:
# Load=42/1024=4%, Rehash=0, Collisions=0/88=0%
# VPATH Search Paths

# No 'vpath' search paths.

# No general ('VPATH' variable) search path.

# strcache buffers: 1 (0) / strings = 57 / storage = 901 B / avg = 15 B
# current buf: size = 8162 B / used = 901 B / count = 57 / avg = 15 B

# strcache performance: lookups = 72 / hit rate = 20%
# hash-table stats:
# Load=57/8192=1%, Rehash=0, Collisions=0/72=0%
# Finished Make data base on Fri Nov 11 08:47:42 2022

 
